<?xml version="1.0" encoding="UTF-8"?>
<!-- Generated by org.testng.reporters.JUnitReportReporter -->
<testsuite hostname="DESKTOP-G0TE6BH" failures="0" tests="2" name="Module1_Login_Test.Swag_LabLoginTest" time="14.497" errors="0" timestamp="2023-02-04T21:07:30 IST" skipped="0">
  <testcase classname="Module1_Login_Test.Swag_LabLoginTest" name="verifyLogo" time="4.792"/>
  <system-out/>
  <testcase classname="Module1_Login_Test.Swag_LabLoginTest" name="verifyAddToCartBtnCovertToRemove" time="9.705"/>
  <system-out/>
</testsuite> <!-- Module1_Login_Test.Swag_LabLoginTest -->
